0 info it worked if it ends with ok
1 verbose cli [ '/usr/local/bin/node', '/usr/local/bin/npm', 'run', 'start' ]
2 info using npm@3.3.12
3 info using node@v5.4.0
4 verbose run-script [ 'prestart', 'start', 'poststart' ]
5 info lifecycle aurelia-skeleton-navigation@1.0.0-beta.1.1.2~prestart: aurelia-skeleton-navigation@1.0.0-beta.1.1.2
6 silly lifecycle aurelia-skeleton-navigation@1.0.0-beta.1.1.2~prestart: no script for prestart, continuing
7 info lifecycle aurelia-skeleton-navigation@1.0.0-beta.1.1.2~start: aurelia-skeleton-navigation@1.0.0-beta.1.1.2
8 verbose lifecycle aurelia-skeleton-navigation@1.0.0-beta.1.1.2~start: unsafe-perm in lifecycle true
9 verbose lifecycle aurelia-skeleton-navigation@1.0.0-beta.1.1.2~start: PATH: /usr/local/lib/node_modules/npm/bin/node-gyp-bin:/Users/weejh/wdi-projects/movies/node_modules/.bin:/Users/weejh/.rvm/gems/ruby-2.2.3/bin:/Users/weejh/.rvm/gems/ruby-2.2.3@global/bin:/Users/weejh/.rvm/rubies/ruby-2.2.3/bin:./node_modules/.bin:./node_modules/.bin:/Users/weejh/wdi-class/learnyoumongo/mongodb/bin::/Applications/Postgres.app/Contents/Versions/latest/bin:/usr/local/bin:/usr/bin:/bin:/usr/sbin:/sbin:/Users/weejh/.rvm/bin
10 verbose lifecycle aurelia-skeleton-navigation@1.0.0-beta.1.1.2~start: CWD: /Users/weejh/wdi-projects/movies
11 silly lifecycle aurelia-skeleton-navigation@1.0.0-beta.1.1.2~start: Args: [ '-c', 'npm run npm install && gulp serve' ]
12 silly lifecycle aurelia-skeleton-navigation@1.0.0-beta.1.1.2~start: Returned: code: 1  signal: null
13 info lifecycle aurelia-skeleton-navigation@1.0.0-beta.1.1.2~start: Failed to exec start script
14 verbose stack Error: aurelia-skeleton-navigation@1.0.0-beta.1.1.2 start: `npm run npm install && gulp serve`
14 verbose stack Exit status 1
14 verbose stack     at EventEmitter.<anonymous> (/usr/local/lib/node_modules/npm/lib/utils/lifecycle.js:232:16)
14 verbose stack     at emitTwo (events.js:87:13)
14 verbose stack     at EventEmitter.emit (events.js:172:7)
14 verbose stack     at ChildProcess.<anonymous> (/usr/local/lib/node_modules/npm/lib/utils/spawn.js:24:14)
14 verbose stack     at emitTwo (events.js:87:13)
14 verbose stack     at ChildProcess.emit (events.js:172:7)
14 verbose stack     at maybeClose (internal/child_process.js:821:16)
14 verbose stack     at Process.ChildProcess._handle.onexit (internal/child_process.js:211:5)
15 verbose pkgid aurelia-skeleton-navigation@1.0.0-beta.1.1.2
16 verbose cwd /Users/weejh/wdi-projects/movies
17 error Darwin 15.3.0
18 error argv "/usr/local/bin/node" "/usr/local/bin/npm" "run" "start"
19 error node v5.4.0
20 error npm  v3.3.12
21 error code ELIFECYCLE
22 error aurelia-skeleton-navigation@1.0.0-beta.1.1.2 start: `npm run npm install && gulp serve`
22 error Exit status 1
23 error Failed at the aurelia-skeleton-navigation@1.0.0-beta.1.1.2 start script 'npm run npm install && gulp serve'.
23 error Make sure you have the latest version of node.js and npm installed.
23 error If you do, this is most likely a problem with the aurelia-skeleton-navigation package,
23 error not with npm itself.
23 error Tell the author that this fails on your system:
23 error     npm run npm install && gulp serve
23 error You can get their info via:
23 error     npm owner ls aurelia-skeleton-navigation
23 error There is likely additional logging output above.
24 verbose exit [ 1, true ]
